<?xml version="1.0" encoding="UTF-8"?>
<!-- Generated by org.testng.reporters.JUnitReportReporter -->
<testsuite skipped="0" hostname="DESKTOP-D08JKGP" name="com.nopcommerce.testCases.TC_SearchCustomerByName_005" tests="1" failures="0" timestamp="2020-11-28T16:49:18 EST" time="8.947" errors="0">
  <testcase name="searchCustomerByName" time="8.947" classname="com.nopcommerce.testCases.TC_SearchCustomerByName_005"/>
  <system-out/>
</testsuite> <!-- com.nopcommerce.testCases.TC_SearchCustomerByName_005 -->
