<?xml version="1.0" encoding="UTF-8"?>
<!-- Generated by org.testng.reporters.JUnitReportReporter -->
<testsuite skipped="0" hostname="DESKTOP-D08JKGP" name="com.nopcommerce.testCases.TC_loginTest_001" tests="1" failures="0" timestamp="2020-12-01T14:57:27 EST" time="5.129" errors="0">
  <testcase name="loginTest" time="5.129" classname="com.nopcommerce.testCases.TC_loginTest_001"/>
  <system-out/>
</testsuite> <!-- com.nopcommerce.testCases.TC_loginTest_001 -->
